  main_file.cpp
C:\Users\kubab\Desktop\Zegar\bio_szkielet_08_win\main_file.cpp(83,20): warning C4018: "<": niezgodność typu ze znakiem/bez znaku
C:\Users\kubab\Desktop\Zegar\bio_szkielet_08_win\main_file.cpp(94,20): warning C4018: "<": niezgodność typu ze znakiem/bez znaku
C:\Users\kubab\Desktop\Zegar\bio_szkielet_08_win\main_file.cpp(97,21): warning C4018: "<": niezgodność typu ze znakiem/bez znaku
C:\Users\kubab\Desktop\Zegar\bio_szkielet_08_win\main_file.cpp(106,20): warning C4018: "<": niezgodność typu ze znakiem/bez znaku
C:\Users\kubab\Desktop\Zegar\bio_szkielet_08_win\main_file.cpp(117,20): warning C4018: "<": niezgodność typu ze znakiem/bez znaku
C:\Users\kubab\Desktop\Zegar\bio_szkielet_08_win\main_file.cpp(120,21): warning C4018: "<": niezgodność typu ze znakiem/bez znaku
C:\Users\kubab\Desktop\Zegar\bio_szkielet_08_win\main_file.cpp(128,20): warning C4018: "<": niezgodność typu ze znakiem/bez znaku
C:\Users\kubab\Desktop\Zegar\bio_szkielet_08_win\main_file.cpp(139,20): warning C4018: "<": niezgodność typu ze znakiem/bez znaku
C:\Users\kubab\Desktop\Zegar\bio_szkielet_08_win\main_file.cpp(142,21): warning C4018: "<": niezgodność typu ze znakiem/bez znaku
C:\Users\kubab\Desktop\Zegar\bio_szkielet_08_win\main_file.cpp(150,20): warning C4018: "<": niezgodność typu ze znakiem/bez znaku
C:\Users\kubab\Desktop\Zegar\bio_szkielet_08_win\main_file.cpp(161,20): warning C4018: "<": niezgodność typu ze znakiem/bez znaku
C:\Users\kubab\Desktop\Zegar\bio_szkielet_08_win\main_file.cpp(164,21): warning C4018: "<": niezgodność typu ze znakiem/bez znaku
C:\Users\kubab\Desktop\Zegar\bio_szkielet_08_win\main_file.cpp(221,31): warning C4305: "argument": obcięcie z "double" do "GLclampf"
C:\Users\kubab\Desktop\Zegar\bio_szkielet_08_win\main_file.cpp(287,88): warning C4267: "argument": konwersja z "size_t" do "GLsizei", możliwa utrata danych
C:\Users\kubab\Desktop\Zegar\bio_szkielet_08_win\main_file.cpp(387,39): warning C4244: "+=": konwersja z "double" do "float", możliwa utrata danych
C:\Users\kubab\Desktop\Zegar\bio_szkielet_08_win\main_file.cpp(388,39): warning C4244: "+=": konwersja z "double" do "float", możliwa utrata danych
  Trwa generowanie kodu
  1 of 581 functions ( 0.2%) were compiled, the rest were copied from previous compilation.
    0 functions were new in current compilation
    3 functions had inline decision re-evaluated but remain unchanged
  Zakończono generowanie kodu
glew32s.lib(glew.obj) : warning LNK4099: nie znaleziono pliku PDB „vc120.pdb” z elementem „glew32s.lib(glew.obj)” lub w pozycji „C:\Users\kubab\Desktop\Zegar\bio_szkielet_08_win\x64\Release\vc120.pdb”; obiekt zostanie skonsolidowany bez informacji debugowania
  bio_szkielet_08_win.vcxproj -> C:\Users\kubab\Desktop\Zegar\bio_szkielet_08_win\x64\Release\bio_szkielet_08_win.exe
