  main_file.cpp
C:\Users\kubab\Desktop\Zegar\bio_szkielet_08_win\main_file.cpp(119,20): warning C4018: "<": niezgodność typu ze znakiem/bez znaku
C:\Users\kubab\Desktop\Zegar\bio_szkielet_08_win\main_file.cpp(130,20): warning C4018: "<": niezgodność typu ze znakiem/bez znaku
C:\Users\kubab\Desktop\Zegar\bio_szkielet_08_win\main_file.cpp(133,21): warning C4018: "<": niezgodność typu ze znakiem/bez znaku
C:\Users\kubab\Desktop\Zegar\bio_szkielet_08_win\main_file.cpp(142,20): warning C4018: "<": niezgodność typu ze znakiem/bez znaku
C:\Users\kubab\Desktop\Zegar\bio_szkielet_08_win\main_file.cpp(153,20): warning C4018: "<": niezgodność typu ze znakiem/bez znaku
C:\Users\kubab\Desktop\Zegar\bio_szkielet_08_win\main_file.cpp(156,21): warning C4018: "<": niezgodność typu ze znakiem/bez znaku
C:\Users\kubab\Desktop\Zegar\bio_szkielet_08_win\main_file.cpp(164,20): warning C4018: "<": niezgodność typu ze znakiem/bez znaku
C:\Users\kubab\Desktop\Zegar\bio_szkielet_08_win\main_file.cpp(175,20): warning C4018: "<": niezgodność typu ze znakiem/bez znaku
C:\Users\kubab\Desktop\Zegar\bio_szkielet_08_win\main_file.cpp(178,21): warning C4018: "<": niezgodność typu ze znakiem/bez znaku
C:\Users\kubab\Desktop\Zegar\bio_szkielet_08_win\main_file.cpp(185,20): warning C4018: "<": niezgodność typu ze znakiem/bez znaku
C:\Users\kubab\Desktop\Zegar\bio_szkielet_08_win\main_file.cpp(196,20): warning C4018: "<": niezgodność typu ze znakiem/bez znaku
C:\Users\kubab\Desktop\Zegar\bio_szkielet_08_win\main_file.cpp(199,21): warning C4018: "<": niezgodność typu ze znakiem/bez znaku
C:\Users\kubab\Desktop\Zegar\bio_szkielet_08_win\main_file.cpp(207,20): warning C4018: "<": niezgodność typu ze znakiem/bez znaku
C:\Users\kubab\Desktop\Zegar\bio_szkielet_08_win\main_file.cpp(218,20): warning C4018: "<": niezgodność typu ze znakiem/bez znaku
C:\Users\kubab\Desktop\Zegar\bio_szkielet_08_win\main_file.cpp(221,21): warning C4018: "<": niezgodność typu ze znakiem/bez znaku
C:\Users\kubab\Desktop\Zegar\bio_szkielet_08_win\main_file.cpp(263,31): warning C4305: "argument": obcięcie z "double" do "GLclampf"
C:\Users\kubab\Desktop\Zegar\bio_szkielet_08_win\main_file.cpp(336,88): warning C4267: "argument": konwersja z "size_t" do "GLsizei", możliwa utrata danych
C:\Users\kubab\Desktop\Zegar\bio_szkielet_08_win\main_file.cpp(357,86): warning C4267: "argument": konwersja z "size_t" do "GLsizei", możliwa utrata danych
C:\Users\kubab\Desktop\Zegar\bio_szkielet_08_win\main_file.cpp(378,94): warning C4267: "argument": konwersja z "size_t" do "GLsizei", możliwa utrata danych
C:\Users\kubab\Desktop\Zegar\bio_szkielet_08_win\main_file.cpp(394,90): warning C4267: "argument": konwersja z "size_t" do "GLsizei", możliwa utrata danych
C:\Users\kubab\Desktop\Zegar\bio_szkielet_08_win\main_file.cpp(411,90): warning C4267: "argument": konwersja z "size_t" do "GLsizei", możliwa utrata danych
C:\Users\kubab\Desktop\Zegar\bio_szkielet_08_win\main_file.cpp(454,37): warning C4244: "+=": konwersja z "double" do "float", możliwa utrata danych
C:\Users\kubab\Desktop\Zegar\bio_szkielet_08_win\main_file.cpp(455,37): warning C4244: "+=": konwersja z "double" do "float", możliwa utrata danych
C:\Users\kubab\Desktop\Zegar\bio_szkielet_08_win\main_file.cpp(456,46): warning C4244: "+=": konwersja z "double" do "float", możliwa utrata danych
  bio_szkielet_08_win.vcxproj -> C:\Users\kubab\Desktop\Zegar\bio_szkielet_08_win\x64\Debug\bio_szkielet_08_win.exe
